app/build/intermediates/manifest_merge_blame_file/debug/manifest-merger-blame-debug-report.txt
1<?xml version="1.0" encoding="utf-8"?>
2<manifest xmlns:android="http://schemas.android.com/apk/res/android"
3    package="com.example.aplikasisuara"
4    android:versionCode="1"
5    android:versionName="1.0" >
6
7    <uses-sdk
8        android:minSdkVersion="15"
8-->src\main\AndroidManifest.xml
9        android:targetSdkVersion="29" />
9-->src\main\AndroidManifest.xml
10
11    <application
11-->src\main\AndroidManifest.xml:5:5-26:19
12        android:allowBackup="true"
12-->src\main\AndroidManifest.xml:6:9-35
13        android:appComponentFactory="androidx.core.app.CoreComponentFactory"
13-->[androidx.core:core:1.1.0] AndroidManifest.xml:24:18-86
14        android:debuggable="true"
15        android:icon="@mipmap/ic_launcher"
15-->src\main\AndroidManifest.xml:7:9-43
16        android:label="@string/app_name"
16-->src\main\AndroidManifest.xml:8:9-41
17        android:roundIcon="@mipmap/ic_launcher_round"
17-->src\main\AndroidManifest.xml:9:9-54
18        android:supportsRtl="true"
18-->src\main\AndroidManifest.xml:10:9-35
19        android:testOnly="true"
20        android:theme="@style/AppTheme" >
20-->src\main\AndroidManifest.xml:11:9-40
21        <activity android:name="com.example.aplikasisuara.kamus" />
21-->src\main\AndroidManifest.xml:12:9-52
21-->src\main\AndroidManifest.xml:12:19-40
22        <activity android:name="com.example.aplikasisuara.srtpndk" />
22-->src\main\AndroidManifest.xml:13:9-45
22-->src\main\AndroidManifest.xml:13:19-42
23        <activity android:name="com.example.aplikasisuara.MainActivity" />
23-->src\main\AndroidManifest.xml:14:9-50
23-->src\main\AndroidManifest.xml:14:19-47
24        <activity
24-->src\main\AndroidManifest.xml:15:9-25:20
25            android:name="com.example.aplikasisuara.splash"
25-->src\main\AndroidManifest.xml:16:13-35
26            android:label="@string/app_name"
26-->src\main\AndroidManifest.xml:17:13-45
27            android:noHistory="true"
27-->src\main\AndroidManifest.xml:18:13-37
28            android:screenOrientation="portrait" >
28-->src\main\AndroidManifest.xml:19:13-49
29            <intent-filter>
29-->src\main\AndroidManifest.xml:20:13-24:29
30                <action android:name="android.intent.action.MAIN" />
30-->src\main\AndroidManifest.xml:21:17-69
30-->src\main\AndroidManifest.xml:21:25-66
31
32                <category android:name="android.intent.category.LAUNCHER" />
32-->src\main\AndroidManifest.xml:23:17-77
32-->src\main\AndroidManifest.xml:23:27-74
33            </intent-filter>
34        </activity>
35    </application>
36
37</manifest>